2021-04-27T06:22:36.672+0000 I CONTROL  [main] Automatically disabling TLS 1.0, to force-enable TLS 1.0 specify --sslDisabledProtocols 'none'
2021-04-27T06:22:36.693+0000 I CONTROL  [initandlisten] MongoDB starting : pid=54839 port=27017 dbpath=/data/db 64-bit host=goorm
2021-04-27T06:22:36.693+0000 I CONTROL  [initandlisten] db version v4.0.24
2021-04-27T06:22:36.693+0000 I CONTROL  [initandlisten] git version: 9df1b3a80f39cf7e7ccd6264a207518426a524f6
2021-04-27T06:22:36.693+0000 I CONTROL  [initandlisten] OpenSSL version: OpenSSL 1.1.1  11 Sep 2018
2021-04-27T06:22:36.693+0000 I CONTROL  [initandlisten] allocator: tcmalloc
2021-04-27T06:22:36.693+0000 I CONTROL  [initandlisten] modules: none
2021-04-27T06:22:36.693+0000 I CONTROL  [initandlisten] build environment:
2021-04-27T06:22:36.693+0000 I CONTROL  [initandlisten]     distmod: ubuntu1804
2021-04-27T06:22:36.693+0000 I CONTROL  [initandlisten]     distarch: x86_64
2021-04-27T06:22:36.693+0000 I CONTROL  [initandlisten]     target_arch: x86_64
2021-04-27T06:22:36.693+0000 I CONTROL  [initandlisten] 4096 MB of memory available to the process out of 7687 MB total system memory
2021-04-27T06:22:36.693+0000 I CONTROL  [initandlisten] options: {}
2021-04-27T06:22:36.694+0000 I STORAGE  [initandlisten] Detected data files in /data/db created by the 'wiredTiger' storage engine, so setting the active storage engine to 'wiredTiger'.
2021-04-27T06:22:36.694+0000 I STORAGE  [initandlisten] wiredtiger_open config: create,cache_size=1536M,cache_overflow=(file_max=0M),session_max=20000,eviction=(threads_min=4,threads_max=4),config_base=false,statistics=(fast),log=(enabled=true,archive=true,path=journal,compressor=snappy),file_manager=(close_idle_time=100000),statistics_log=(wait=0),verbose=(recovery_progress),
2021-04-27T06:22:38.550+0000 I STORAGE  [initandlisten] WiredTiger message [1619504558:550225][54839:0x7f4d2e2c5a40], txn-recover: Main recovery loop: starting at 1/21120 to 2/256
2021-04-27T06:22:38.989+0000 I STORAGE  [initandlisten] WiredTiger message [1619504558:989484][54839:0x7f4d2e2c5a40], txn-recover: Recovering log 1 through 2
2021-04-27T06:22:39.193+0000 I STORAGE  [initandlisten] WiredTiger message [1619504559:193032][54839:0x7f4d2e2c5a40], txn-recover: Recovering log 2 through 2
2021-04-27T06:22:39.362+0000 I STORAGE  [initandlisten] WiredTiger message [1619504559:362746][54839:0x7f4d2e2c5a40], txn-recover: Set global recovery timestamp: 0
2021-04-27T06:22:39.472+0000 I RECOVERY [initandlisten] WiredTiger recoveryTimestamp. Ts: Timestamp(0, 0)
2021-04-27T06:22:39.474+0000 I STORAGE  [initandlisten] Starting to check the table logging settings for existing WiredTiger tables
2021-04-27T06:22:39.500+0000 I CONTROL  [initandlisten] 
2021-04-27T06:22:39.500+0000 I CONTROL  [initandlisten] ** WARNING: Access control is not enabled for the database.
2021-04-27T06:22:39.500+0000 I CONTROL  [initandlisten] **          Read and write access to data and configuration is unrestricted.
2021-04-27T06:22:39.500+0000 I CONTROL  [initandlisten] ** WARNING: You are running this process as the root user, which is not recommended.
2021-04-27T06:22:39.500+0000 I CONTROL  [initandlisten] 
2021-04-27T06:22:39.500+0000 I CONTROL  [initandlisten] ** WARNING: This server is bound to localhost.
2021-04-27T06:22:39.500+0000 I CONTROL  [initandlisten] **          Remote systems will be unable to connect to this server. 
2021-04-27T06:22:39.500+0000 I CONTROL  [initandlisten] **          Start the server with --bind_ip <address> to specify which IP 
2021-04-27T06:22:39.500+0000 I CONTROL  [initandlisten] **          addresses it should serve responses from, or with --bind_ip_all to
2021-04-27T06:22:39.500+0000 I CONTROL  [initandlisten] **          bind to all interfaces. If this behavior is desired, start the
2021-04-27T06:22:39.500+0000 I CONTROL  [initandlisten] **          server with --bind_ip 127.0.0.1 to disable this warning.
2021-04-27T06:22:39.500+0000 I CONTROL  [initandlisten] 
2021-04-27T06:22:39.503+0000 I SHARDING [initandlisten] Marking collection local.system.replset as collection version: <unsharded>
2021-04-27T06:22:39.504+0000 I STORAGE  [initandlisten] Finished adjusting the table logging settings for existing WiredTiger tables
2021-04-27T06:22:39.514+0000 I SHARDING [initandlisten] Marking collection admin.system.roles as collection version: <unsharded>
2021-04-27T06:22:39.515+0000 I SHARDING [initandlisten] Marking collection admin.system.version as collection version: <unsharded>
2021-04-27T06:22:39.516+0000 I SHARDING [initandlisten] Marking collection local.startup_log as collection version: <unsharded>
2021-04-27T06:22:39.518+0000 I FTDC     [initandlisten] Initializing full-time diagnostic data capture with directory '/data/db/diagnostic.data'
2021-04-27T06:22:39.522+0000 I SHARDING [initandlisten] Marking collection config.system.sessions as collection version: <unsharded>
2021-04-27T06:22:39.524+0000 I NETWORK  [initandlisten] waiting for connections on port 27017
2021-04-27T06:22:39.524+0000 I SHARDING [LogicalSessionCacheReap] Marking collection config.transactions as collection version: <unsharded>
2021-04-27T06:22:40.004+0000 I SHARDING [ftdc] Marking collection local.oplog.rs as collection version: <unsharded>
2021-04-27T06:22:47.705+0000 I NETWORK  [listener] connection accepted from 127.0.0.1:48350 #1 (1 connection now open)
2021-04-27T06:22:47.721+0000 I NETWORK  [conn1] received client metadata from 127.0.0.1:48350 conn1: { application: { name: "MongoDB Shell" }, driver: { name: "MongoDB Internal Client", version: "4.0.24" }, os: { type: "Linux", name: "Ubuntu", architecture: "x86_64", version: "18.04" } }
2021-04-27T06:22:49.958+0000 I NETWORK  [conn1] end connection 127.0.0.1:48350 (0 connections now open)
2021-04-27T06:22:55.356+0000 I CONTROL  [signalProcessingThread] got signal 1 (Hangup), will terminate after current cmd ends
2021-04-27T06:22:55.356+0000 I REPL     [signalProcessingThread] Stepping down the ReplicationCoordinator for shutdown, waitTime: 10000ms
2021-04-27T06:22:55.356+0000 I CONTROL  [signalProcessingThread] Shutting down the LogicalSessionCache
2021-04-27T06:22:55.356+0000 I NETWORK  [signalProcessingThread] shutdown: going to close listening sockets...
2021-04-27T06:22:55.356+0000 I NETWORK  [signalProcessingThread] removing socket file: /tmp/mongodb-27017.sock
2021-04-27T06:22:55.356+0000 I NETWORK  [signalProcessingThread] Shutting down the global connection pool
2021-04-27T06:22:55.356+0000 I STORAGE  [signalProcessingThread] Shutting down the PeriodicThreadToAbortExpiredTransactions
2021-04-27T06:22:55.356+0000 I REPL     [signalProcessingThread] Shutting down the ReplicationCoordinator
2021-04-27T06:22:55.356+0000 I SHARDING [signalProcessingThread] Shutting down the ShardingInitializationMongoD
2021-04-27T06:22:55.356+0000 I COMMAND  [signalProcessingThread] Killing all open transactions
2021-04-27T06:22:55.356+0000 I -        [signalProcessingThread] Killing all operations for shutdown
2021-04-27T06:22:55.356+0000 I NETWORK  [signalProcessingThread] Shutting down the ReplicaSetMonitor
2021-04-27T06:22:55.356+0000 I CONTROL  [signalProcessingThread] Shutting down free monitoring
2021-04-27T06:22:55.356+0000 I CONTROL  [signalProcessingThread] Shutting down free monitoring
2021-04-27T06:22:55.357+0000 I FTDC     [signalProcessingThread] Shutting down full-time data capture
2021-04-27T06:22:55.357+0000 I FTDC     [signalProcessingThread] Shutting down full-time diagnostic data capture
2021-04-27T06:22:55.383+0000 I STORAGE  [signalProcessingThread] Shutting down the HealthLog
2021-04-27T06:22:55.383+0000 I STORAGE  [signalProcessingThread] Shutting down the storage engine
2021-04-27T06:22:55.383+0000 I STORAGE  [signalProcessingThread] WiredTigerKVEngine shutting down
2021-04-27T06:22:55.388+0000 I STORAGE  [signalProcessingThread] Shutting down session sweeper thread
2021-04-27T06:22:55.388+0000 I STORAGE  [signalProcessingThread] Finished shutting down session sweeper thread
2021-04-27T06:22:55.780+0000 I STORAGE  [signalProcessingThread] shutdown: removing fs lock...
2021-04-27T06:22:55.780+0000 I -        [signalProcessingThread] Dropping the scope cache for shutdown
2021-04-27T06:22:55.780+0000 I CONTROL  [signalProcessingThread] now exiting
2021-04-27T06:22:55.780+0000 I CONTROL  [signalProcessingThread] shutting down with code:0
